# JRE version: Java(TM) SE Runtime Environment (8.0_161-b12) (build 1.8.0_161-b12)
# Java VM: Java HotSpot(TM) 64-Bit Server VM (25.161-b12 mixed mode windows-amd64 compressed oops)
Heap:
 PSYoungGen      total 57344K, used 27682K [0x0000000780300000, 0x0000000784300000, 0x00000007c0000000)
  eden space 49152K, 44% used [0x0000000780300000,0x000000078182bf60,0x0000000783300000)
  from space 8192K, 73% used [0x0000000783300000,0x00000007838dca20,0x0000000783b00000)
  to   space 8192K, 99% used [0x0000000783b00000,0x00000007842fb900,0x0000000784300000)
 ParOldGen       total 131072K, used 992K [0x0000000700800000, 0x0000000708800000, 0x0000000780300000)
  object space 131072K, 0% used [0x0000000700800000,0x00000007008f8010,0x0000000708800000)
 Metaspace       used 20270K, capacity 21194K, committed 21248K, reserved 1067008K
  class space    used 2820K, capacity 3045K, committed 3072K, reserved 1048576K
GC Heap History (3 events):
Event: 2.037 GC heap before
{Heap before GC invocations=1 (full 0):
 PSYoungGen      total 57344K, used 49152K [0x0000000780300000, 0x0000000784300000, 0x00000007c0000000)
  eden space 49152K, 100% used [0x0000000780300000,0x0000000783300000,0x0000000783300000)
  from space 8192K, 0% used [0x0000000783b00000,0x0000000783b00000,0x0000000784300000)
  to   space 8192K, 0% used [0x0000000783300000,0x0000000783300000,0x0000000783b00000)
 ParOldGen       total 131072K, used 0K [0x0000000700800000, 0x0000000708800000, 0x0000000780300000)
  object space 131072K, 0% used [0x0000000700800000,0x0000000700800000,0x0000000708800000)
 Metaspace       used 16470K, capacity 17230K, committed 17408K, reserved 1064960K
  class space    used 2290K, capacity 2511K, committed 2560K, reserved 1048576K
Event: 2.052 GC heap after
Heap after GC invocations=1 (full 0):
 PSYoungGen      total 57344K, used 6002K [0x0000000780300000, 0x0000000784300000, 0x00000007c0000000)
  eden space 49152K, 0% used [0x0000000780300000,0x0000000780300000,0x0000000783300000)
  from space 8192K, 73% used [0x0000000783300000,0x00000007838dca20,0x0000000783b00000)
  to   space 8192K, 0% used [0x0000000783b00000,0x0000000783b00000,0x0000000784300000)
 ParOldGen       total 131072K, used 88K [0x0000000700800000, 0x0000000708800000, 0x0000000780300000)
  object space 131072K, 0% used [0x0000000700800000,0x0000000700816010,0x0000000708800000)
 Metaspace       used 16470K, capacity 17230K, committed 17408K, reserved 1064960K
  class space    used 2290K, capacity 2511K, committed 2560K, reserved 1048576K
}
Event: 5.044 GC heap before
{Heap before GC invocations=2 (full 0):
 PSYoungGen      total 57344K, used 27682K [0x0000000780300000, 0x0000000784300000, 0x00000007c0000000)
  eden space 49152K, 44% used [0x0000000780300000,0x000000078182bf60,0x0000000783300000)
  from space 8192K, 73% used [0x0000000783300000,0x00000007838dca20,0x0000000783b00000)
  to   space 8192K, 0% used [0x0000000783b00000,0x0000000783b00000,0x0000000784300000)
 ParOldGen       total 131072K, used 88K [0x0000000700800000, 0x0000000708800000, 0x0000000780300000)
  object space 131072K, 0% used [0x0000000700800000,0x0000000700816010,0x0000000708800000)
 Metaspace       used 20270K, capacity 21194K, committed 21248K, reserved 1067008K
  class space    used 2820K, capacity 3045K, committed 3072K, reserved 1048576K

